2025-08-07 20:45:05 [ERROR]: TypeError: Cannot read properties of undefined (reading 'charAt')
    at C:\Users\86177\Desktop\BBBBig\server\router\commendWords.js:34:39
    at Array.map (<anonymous>)
    at C:\Users\86177\Desktop\BBBBig\server\router\commendWords.js:27:43
    at process.processTicksAndRejections (node:internal/process/task_queues:105:5)
2025-08-07 20:47:04 [ERROR]: TypeError: Cannot read properties of undefined (reading 'charAt')
    at C:\Users\86177\Desktop\BBBBig\server\router\commendWords.js:36:39
    at Array.map (<anonymous>)
    at C:\Users\86177\Desktop\BBBBig\server\router\commendWords.js:27:43
    at process.processTicksAndRejections (node:internal/process/task_queues:105:5)
2025-08-07 20:48:50 [ERROR]: TypeError: Cannot read properties of undefined (reading 'charAt')
    at C:\Users\86177\Desktop\BBBBig\server\router\commendWords.js:36:39
    at Array.map (<anonymous>)
    at C:\Users\86177\Desktop\BBBBig\server\router\commendWords.js:27:43
    at process.processTicksAndRejections (node:internal/process/task_queues:105:5)
2025-08-07 20:49:30 [ERROR]: TypeError: Cannot read properties of undefined (reading 'charAt')
    at C:\Users\86177\Desktop\BBBBig\server\router\commendWords.js:36:39
    at process.processTicksAndRejections (node:internal/process/task_queues:105:5)
    at async Promise.all (index 0)
    at async C:\Users\86177\Desktop\BBBBig\server\router\commendWords.js:27:15
